#
# There is insufficient memory for the Java Runtime Environment to continue.
# Native memory allocation (malloc) failed to allocate 365776 bytes. Error detail: Chunk::new
# Possible reasons:
#   The system is out of physical RAM or swap space
#   This process is running with CompressedOops enabled, and the Java Heap may be blocking the growth of the native heap
# Possible solutions:
#   Reduce memory load on the system
#   Increase physical memory or swap space
#   Check if swap backing store is full
#   Decrease Java heap size (-Xmx/-Xms)
#   Decrease number of Java threads
#   Decrease Java thread stack sizes (-Xss)
#   Set larger code cache with -XX:ReservedCodeCacheSize=
#   JVM is running with Zero Based Compressed Oops mode in which the Java heap is
#     placed in the first 32GB address space. The Java Heap base address is the
#     maximum limit for the native heap growth. Please use -XX:HeapBaseMinAddress
#     to set the Java Heap base and to place the Java Heap above 32GB virtual address.
# This output file may be truncated or incomplete.
#
#  Out of Memory Error (arena.cpp:150), pid=169368, tid=164440
#
# JRE version: OpenJDK Runtime Environment (22.0.2+9) (build 22.0.2+9-70)
# Java VM: OpenJDK 64-Bit Server VM (22.0.2+9-70, mixed mode, sharing, tiered, compressed oops, compressed class ptrs, g1 gc, windows-amd64)
# No core dump will be written. Minidumps are not enabled by default on client versions of Windows
#

---------------  S U M M A R Y ------------

Command Line: -javaagent:C:\Program Files\JetBrains\IntelliJ IDEA Community Edition 2024.2.1\lib\idea_rt.jar=55889:C:\Program Files\JetBrains\IntelliJ IDEA Community Edition 2024.2.1\bin -Dfile.encoding=UTF-8 -Dsun.stdout.encoding=UTF-8 -Dsun.stderr.encoding=UTF-8 com.example.spring_boot_jwt.SpringBootJwtApplication

Host: 11th Gen Intel(R) Core(TM) i7-1165G7 @ 2.80GHz, 8 cores, 15G,  Windows 10 , 64 bit Build 19041 (10.0.19041.5072)
Time: Mon Dec  9 01:21:59 2024 W. Europe Standard Time elapsed time: 1.542691 seconds (0d 0h 0m 1s)

---------------  T H R E A D  ---------------

Current thread (0x000001cc45301c80):  JavaThread "C2 CompilerThread2" daemon [_thread_in_native, id=164440, stack(0x00000028a7700000,0x00000028a7800000) (1024K)]


Current CompileTask:
C2:1542 2768   !   4       java.util.concurrent.ConcurrentHashMap::transfer (849 bytes)

Stack: [0x00000028a7700000,0x00000028a7800000]
Native frames: (J=compiled Java code, j=interpreted, Vv=VM code, C=native code)
V  [jvm.dll+0x6e26e9]  (no source info available)
V  [jvm.dll+0x875753]  (no source info available)
V  [jvm.dll+0x877b7e]  (no source info available)
V  [jvm.dll+0x878253]  (no source info available)
V  [jvm.dll+0x27fc86]  (no source info available)
V  [jvm.dll+0xc3d0f]  (no source info available)
V  [jvm.dll+0xc3f6b]  (no source info available)
V  [jvm.dll+0x3bb442]  (no source info available)
V  [jvm.dll+0x387d4b]  (no source info available)
V  [jvm.dll+0x3871ba]  (no source info available)
V  [jvm.dll+0x2477f8]  (no source info available)
V  [jvm.dll+0x246e9f]  (no source info available)
V  [jvm.dll+0x1c4e80]  (no source info available)
V  [jvm.dll+0x2568f3]  (no source info available)
V  [jvm.dll+0x254baa]  (no source info available)
V  [jvm.dll+0x3f57a6]  (no source info available)
V  [jvm.dll+0x81dc0b]  (no source info available)
V  [jvm.dll+0x6e0d85]  (no source info available)
C  [ucrtbase.dll+0x21bb2]  (no source info available)
C  [KERNEL32.DLL+0x17374]  (no source info available)
C  [ntdll.dll+0x4cc91]  (no source info available)


---------------  P R O C E S S  ---------------

Threads class SMR info:
_java_thread_list=0x000001cc45553c00, length=14, elements={
0x000001cc5d929c20, 0x000001cc7ea926d0, 0x000001cc7ea95750, 0x000001cc7ea9aa80,
0x000001cc7ea9d5e0, 0x000001cc7ea9e2e0, 0x000001cc7ea9f340, 0x000001cc7eaabe00,
0x000001cc7eab2c80, 0x000001cc451d5d60, 0x000001cc452e4e30, 0x000001cc45301c80,
0x000001cc4550d890, 0x000001cc4550df00
}

Java Threads: ( => current thread )
  0x000001cc5d929c20 JavaThread "main"                              [_thread_in_Java, id=185688, stack(0x00000028a6500000,0x00000028a6600000) (1024K)]
  0x000001cc7ea926d0 JavaThread "Reference Handler"          daemon [_thread_blocked, id=175476, stack(0x00000028a6d00000,0x00000028a6e00000) (1024K)]
  0x000001cc7ea95750 JavaThread "Finalizer"                  daemon [_thread_blocked, id=176132, stack(0x00000028a6e00000,0x00000028a6f00000) (1024K)]
  0x000001cc7ea9aa80 JavaThread "Signal Dispatcher"          daemon [_thread_blocked, id=181076, stack(0x00000028a6f00000,0x00000028a7000000) (1024K)]
  0x000001cc7ea9d5e0 JavaThread "Attach Listener"            daemon [_thread_blocked, id=173548, stack(0x00000028a7000000,0x00000028a7100000) (1024K)]
  0x000001cc7ea9e2e0 JavaThread "Service Thread"             daemon [_thread_blocked, id=185988, stack(0x00000028a7100000,0x00000028a7200000) (1024K)]
  0x000001cc7ea9f340 JavaThread "Monitor Deflation Thread"   daemon [_thread_blocked, id=180740, stack(0x00000028a7200000,0x00000028a7300000) (1024K)]
  0x000001cc7eaabe00 JavaThread "C2 CompilerThread0"         daemon [_thread_in_native, id=175508, stack(0x00000028a7300000,0x00000028a7400000) (1024K)]
  0x000001cc7eab2c80 JavaThread "C1 CompilerThread0"         daemon [_thread_blocked, id=173028, stack(0x00000028a7400000,0x00000028a7500000) (1024K)]
  0x000001cc451d5d60 JavaThread "Common-Cleaner"             daemon [_thread_blocked, id=180688, stack(0x00000028a7500000,0x00000028a7600000) (1024K)]
  0x000001cc452e4e30 JavaThread "C2 CompilerThread1"         daemon [_thread_in_native, id=175944, stack(0x00000028a7600000,0x00000028a7700000) (1024K)]
=>0x000001cc45301c80 JavaThread "C2 CompilerThread2"         daemon [_thread_in_native, id=164440, stack(0x00000028a7700000,0x00000028a7800000) (1024K)]
  0x000001cc4550d890 JavaThread "Monitor Ctrl-Break"         daemon [_thread_in_native, id=167532, stack(0x00000028a7800000,0x00000028a7900000) (1024K)]
  0x000001cc4550df00 JavaThread "Notification Thread"        daemon [_thread_blocked, id=177504, stack(0x00000028a7900000,0x00000028a7a00000) (1024K)]
Total: 14

Other Threads:
  0x000001cc7ea79e00 VMThread "VM Thread"                           [id=148944, stack(0x00000028a6c00000,0x00000028a6d00000) (1024K)]
  0x000001cc7ea616d0 WatcherThread "VM Periodic Task Thread"        [id=184712, stack(0x00000028a6b00000,0x00000028a6c00000) (1024K)]
  0x000001cc5d9edef0 WorkerThread "GC Thread#0"                     [id=181620, stack(0x00000028a6600000,0x00000028a6700000) (1024K)]
  0x000001cc45932580 WorkerThread "GC Thread#1"                     [id=180920, stack(0x00000028a7a00000,0x00000028a7b00000) (1024K)]
  0x000001cc45932930 WorkerThread "GC Thread#2"                     [id=186016, stack(0x00000028a7b00000,0x00000028a7c00000) (1024K)]
  0x000001cc45c216c0 WorkerThread "GC Thread#3"                     [id=175956, stack(0x00000028a7c00000,0x00000028a7d00000) (1024K)]
  0x000001cc45c21a70 WorkerThread "GC Thread#4"                     [id=185264, stack(0x00000028a7d00000,0x00000028a7e00000) (1024K)]
  0x000001cc45c21e20 WorkerThread "GC Thread#5"                     [id=177336, stack(0x00000028a7e00000,0x00000028a7f00000) (1024K)]
  0x000001cc46f119a0 WorkerThread "GC Thread#6"                     [id=184248, stack(0x00000028a8000000,0x00000028a8100000) (1024K)]
  0x000001cc463adf00 WorkerThread "GC Thread#7"                     [id=172504, stack(0x00000028a8100000,0x00000028a8200000) (1024K)]
  0x000001cc5fb566e0 ConcurrentGCThread "G1 Main Marker"            [id=45816, stack(0x00000028a6700000,0x00000028a6800000) (1024K)]
  0x000001cc5fb57100 WorkerThread "G1 Conc#0"                       [id=177636, stack(0x00000028a6800000,0x00000028a6900000) (1024K)]
  0x000001cc5fb9e0c0 ConcurrentGCThread "G1 Refine#0"               [id=176928, stack(0x00000028a6900000,0x00000028a6a00000) (1024K)]
  0x000001cc7e9365b0 ConcurrentGCThread "G1 Service"                [id=167252, stack(0x00000028a6a00000,0x00000028a6b00000) (1024K)]
Total: 14

Threads with active compile tasks:
C2 CompilerThread0  1587 2330       4       java.lang.invoke.MethodType::makeImpl (109 bytes)
C2 CompilerThread1  1587 2796       4       org.springframework.boot.context.properties.source.ConfigurationPropertyName$ElementsParser::parse (234 bytes)
C2 CompilerThread2  1587 2768   !   4       java.util.concurrent.ConcurrentHashMap::transfer (849 bytes)
Total: 3

VM state: not at safepoint (normal execution)

VM Mutex/Monitor currently owned by a thread: None

Heap address: 0x0000000703600000, size: 4042 MB, Compressed Oops mode: Zero based, Oop shift amount: 3

CDS archive(s) mapped at: [0x000001cc00000000-0x000001cc00c60000-0x000001cc00c60000), size 12976128, SharedBaseAddress: 0x000001cc00000000, ArchiveRelocationMode: 1.
Compressed class space mapped at: 0x000001cc01000000-0x000001cc41000000, reserved size: 1073741824
Narrow klass base: 0x000001cc00000000, Narrow klass shift: 0, Narrow klass range: 0x41000000

GC Precious Log:
 CardTable entry size: 512
 Card Set container configuration: InlinePtr #cards 4 size 8 Array Of Cards #cards 16 size 48 Howl #buckets 8 coarsen threshold 3686 Howl Bitmap #cards 512 size 80 coarsen threshold 460 Card regions per heap region 1 cards per card region 4096
 CPUs: 8 total, 8 available
 Memory: 16167M
 Large Page Support: Disabled
 NUMA Support: Disabled
 Compressed Oops: Enabled (Zero based)
 Heap Region Size: 2M
 Heap Min Capacity: 8M
 Heap Initial Capacity: 254M
 Heap Max Capacity: 4042M
 Pre-touch: Disabled
 Parallel Workers: 8
 Concurrent Workers: 2
 Concurrent Refinement Workers: 8
 Periodic GC: Disabled

Heap:
 garbage-first heap   total reserved 4139008K, committed 260096K, used 43159K [0x0000000703600000, 0x0000000800000000)
  region size 2048K, 19 young (38912K), 2 survivors (4096K)
 Metaspace       used 20937K, committed 21248K, reserved 1114112K
  class space    used 2545K, committed 2688K, reserved 1048576K

Heap Regions: E=young(eden), S=young(survivor), O=old, HS=humongous(starts), HC=humongous(continues), CS=collection set, F=free, TAMS=top-at-mark-start, PB=parsable bottom
|   0|0x0000000703600000, 0x0000000703800000, 0x0000000703800000|100%| O|  |TAMS 0x0000000703600000| PB 0x0000000703600000| Untracked |  0
|   1|0x0000000703800000, 0x0000000703a00000, 0x0000000703a00000|100%| O|  |TAMS 0x0000000703800000| PB 0x0000000703800000| Untracked |  0
|   2|0x0000000703a00000, 0x0000000703c00000, 0x0000000703c00000|100%| O|  |TAMS 0x0000000703a00000| PB 0x0000000703a00000| Untracked |  0
|   3|0x0000000703c00000, 0x0000000703d60a90, 0x0000000703e00000| 68%| O|  |TAMS 0x0000000703c00000| PB 0x0000000703c00000| Untracked |  0
|   4|0x0000000703e00000, 0x0000000703e00000, 0x0000000704000000|  0%| F|  |TAMS 0x0000000703e00000| PB 0x0000000703e00000| Untracked |  0
|   5|0x0000000704000000, 0x0000000704000000, 0x0000000704200000|  0%| F|  |TAMS 0x0000000704000000| PB 0x0000000704000000| Untracked |  0
|   6|0x0000000704200000, 0x0000000704200000, 0x0000000704400000|  0%| F|  |TAMS 0x0000000704200000| PB 0x0000000704200000| Untracked |  0
|   7|0x0000000704400000, 0x0000000704400000, 0x0000000704600000|  0%| F|  |TAMS 0x0000000704400000| PB 0x0000000704400000| Untracked |  0
|   8|0x0000000704600000, 0x0000000704600000, 0x0000000704800000|  0%| F|  |TAMS 0x0000000704600000| PB 0x0000000704600000| Untracked |  0
|   9|0x0000000704800000, 0x0000000704800000, 0x0000000704a00000|  0%| F|  |TAMS 0x0000000704800000| PB 0x0000000704800000| Untracked |  0
|  10|0x0000000704a00000, 0x0000000704a00000, 0x0000000704c00000|  0%| F|  |TAMS 0x0000000704a00000| PB 0x0000000704a00000| Untracked |  0
|  11|0x0000000704c00000, 0x0000000704c00000, 0x0000000704e00000|  0%| F|  |TAMS 0x0000000704c00000| PB 0x0000000704c00000| Untracked |  0
|  12|0x0000000704e00000, 0x0000000704e00000, 0x0000000705000000|  0%| F|  |TAMS 0x0000000704e00000| PB 0x0000000704e00000| Untracked |  0
|  13|0x0000000705000000, 0x0000000705000000, 0x0000000705200000|  0%| F|  |TAMS 0x0000000705000000| PB 0x0000000705000000| Untracked |  0
|  14|0x0000000705200000, 0x0000000705200000, 0x0000000705400000|  0%| F|  |TAMS 0x0000000705200000| PB 0x0000000705200000| Untracked |  0
|  15|0x0000000705400000, 0x0000000705400000, 0x0000000705600000|  0%| F|  |TAMS 0x0000000705400000| PB 0x0000000705400000| Untracked |  0
|  16|0x0000000705600000, 0x0000000705600000, 0x0000000705800000|  0%| F|  |TAMS 0x0000000705600000| PB 0x0000000705600000| Untracked |  0
|  17|0x0000000705800000, 0x0000000705800000, 0x0000000705a00000|  0%| F|  |TAMS 0x0000000705800000| PB 0x0000000705800000| Untracked |  0
|  18|0x0000000705a00000, 0x0000000705a00000, 0x0000000705c00000|  0%| F|  |TAMS 0x0000000705a00000| PB 0x0000000705a00000| Untracked |  0
|  19|0x0000000705c00000, 0x0000000705c00000, 0x0000000705e00000|  0%| F|  |TAMS 0x0000000705c00000| PB 0x0000000705c00000| Untracked |  0
|  20|0x0000000705e00000, 0x0000000705e00000, 0x0000000706000000|  0%| F|  |TAMS 0x0000000705e00000| PB 0x0000000705e00000| Untracked |  0
|  21|0x0000000706000000, 0x0000000706000000, 0x0000000706200000|  0%| F|  |TAMS 0x0000000706000000| PB 0x0000000706000000| Untracked |  0
|  22|0x0000000706200000, 0x0000000706200000, 0x0000000706400000|  0%| F|  |TAMS 0x0000000706200000| PB 0x0000000706200000| Untracked |  0
|  23|0x0000000706400000, 0x0000000706400000, 0x0000000706600000|  0%| F|  |TAMS 0x0000000706400000| PB 0x0000000706400000| Untracked |  0
|  24|0x0000000706600000, 0x0000000706600000, 0x0000000706800000|  0%| F|  |TAMS 0x0000000706600000| PB 0x0000000706600000| Untracked |  0
|  25|0x0000000706800000, 0x0000000706800000, 0x0000000706a00000|  0%| F|  |TAMS 0x0000000706800000| PB 0x0000000706800000| Untracked |  0
|  26|0x0000000706a00000, 0x0000000706a00000, 0x0000000706c00000|  0%| F|  |TAMS 0x0000000706a00000| PB 0x0000000706a00000| Untracked |  0
|  27|0x0000000706c00000, 0x0000000706c00000, 0x0000000706e00000|  0%| F|  |TAMS 0x0000000706c00000| PB 0x0000000706c00000| Untracked |  0
|  28|0x0000000706e00000, 0x0000000706e00000, 0x0000000707000000|  0%| F|  |TAMS 0x0000000706e00000| PB 0x0000000706e00000| Untracked |  0
|  29|0x0000000707000000, 0x0000000707000000, 0x0000000707200000|  0%| F|  |TAMS 0x0000000707000000| PB 0x0000000707000000| Untracked |  0
|  30|0x0000000707200000, 0x0000000707200000, 0x0000000707400000|  0%| F|  |TAMS 0x0000000707200000| PB 0x0000000707200000| Untracked |  0
|  31|0x0000000707400000, 0x0000000707400000, 0x0000000707600000|  0%| F|  |TAMS 0x0000000707400000| PB 0x0000000707400000| Untracked |  0
|  32|0x0000000707600000, 0x0000000707600000, 0x0000000707800000|  0%| F|  |TAMS 0x0000000707600000| PB 0x0000000707600000| Untracked |  0
|  33|0x0000000707800000, 0x0000000707800000, 0x0000000707a00000|  0%| F|  |TAMS 0x0000000707800000| PB 0x0000000707800000| Untracked |  0
|  34|0x0000000707a00000, 0x0000000707a00000, 0x0000000707c00000|  0%| F|  |TAMS 0x0000000707a00000| PB 0x0000000707a00000| Untracked |  0
|  35|0x0000000707c00000, 0x0000000707c00000, 0x0000000707e00000|  0%| F|  |TAMS 0x0000000707c00000| PB 0x0000000707c00000| Untracked |  0
|  36|0x0000000707e00000, 0x0000000707e00000, 0x0000000708000000|  0%| F|  |TAMS 0x0000000707e00000| PB 0x0000000707e00000| Untracked |  0
|  37|0x0000000708000000, 0x0000000708000000, 0x0000000708200000|  0%| F|  |TAMS 0x0000000708000000| PB 0x0000000708000000| Untracked |  0
|  38|0x0000000708200000, 0x0000000708200000, 0x0000000708400000|  0%| F|  |TAMS 0x0000000708200000| PB 0x0000000708200000| Untracked |  0
|  39|0x0000000708400000, 0x0000000708400000, 0x0000000708600000|  0%| F|  |TAMS 0x0000000708400000| PB 0x0000000708400000| Untracked |  0
|  40|0x0000000708600000, 0x0000000708600000, 0x0000000708800000|  0%| F|  |TAMS 0x0000000708600000| PB 0x0000000708600000| Untracked |  0
|  41|0x0000000708800000, 0x0000000708800000, 0x0000000708a00000|  0%| F|  |TAMS 0x0000000708800000| PB 0x0000000708800000| Untracked |  0
|  42|0x0000000708a00000, 0x0000000708a00000, 0x0000000708c00000|  0%| F|  |TAMS 0x0000000708a00000| PB 0x0000000708a00000| Untracked |  0
|  43|0x0000000708c00000, 0x0000000708c00000, 0x0000000708e00000|  0%| F|  |TAMS 0x0000000708c00000| PB 0x0000000708c00000| Untracked |  0
|  44|0x0000000708e00000, 0x0000000708e00000, 0x0000000709000000|  0%| F|  |TAMS 0x0000000708e00000| PB 0x0000000708e00000| Untracked |  0
|  45|0x0000000709000000, 0x0000000709000000, 0x0000000709200000|  0%| F|  |TAMS 0x0000000709000000| PB 0x0000000709000000| Untracked |  0
|  46|0x0000000709200000, 0x0000000709200000, 0x0000000709400000|  0%| F|  |TAMS 0x0000000709200000| PB 0x0000000709200000| Untracked |  0
|  47|0x0000000709400000, 0x0000000709400000, 0x0000000709600000|  0%| F|  |TAMS 0x0000000709400000| PB 0x0000000709400000| Untracked |  0
|  48|0x0000000709600000, 0x0000000709600000, 0x0000000709800000|  0%| F|  |TAMS 0x0000000709600000| PB 0x0000000709600000| Untracked |  0
|  49|0x0000000709800000, 0x0000000709800000, 0x0000000709a00000|  0%| F|  |TAMS 0x0000000709800000| PB 0x0000000709800000| Untracked |  0
|  50|0x0000000709a00000, 0x0000000709a00000, 0x0000000709c00000|  0%| F|  |TAMS 0x0000000709a00000| PB 0x0000000709a00000| Untracked |  0
|  51|0x0000000709c00000, 0x0000000709c00000, 0x0000000709e00000|  0%| F|  |TAMS 0x0000000709c00000| PB 0x0000000709c00000| Untracked |  0
|  52|0x0000000709e00000, 0x0000000709e00000, 0x000000070a000000|  0%| F|  |TAMS 0x0000000709e00000| PB 0x0000000709e00000| Untracked |  0
|  53|0x000000070a000000, 0x000000070a000000, 0x000000070a200000|  0%| F|  |TAMS 0x000000070a000000| PB 0x000000070a000000| Untracked |  0
|  54|0x000000070a200000, 0x000000070a200000, 0x000000070a400000|  0%| F|  |TAMS 0x000000070a200000| PB 0x000000070a200000| Untracked |  0
|  55|0x000000070a400000, 0x000000070a400000, 0x000000070a600000|  0%| F|  |TAMS 0x000000070a400000| PB 0x000000070a400000| Untracked |  0
|  56|0x000000070a600000, 0x000000070a600000, 0x000000070a800000|  0%| F|  |TAMS 0x000000070a600000| PB 0x000000070a600000| Untracked |  0
|  57|0x000000070a800000, 0x000000070a800000, 0x000000070aa00000|  0%| F|  |TAMS 0x000000070a800000| PB 0x000000070a800000| Untracked |  0
|  58|0x000000070aa00000, 0x000000070aa00000, 0x000000070ac00000|  0%| F|  |TAMS 0x000000070aa00000| PB 0x000000070aa00000| Untracked |  0
|  59|0x000000070ac00000, 0x000000070ac00000, 0x000000070ae00000|  0%| F|  |TAMS 0x000000070ac00000| PB 0x000000070ac00000| Untracked |  0
|  60|0x000000070ae00000, 0x000000070ae00000, 0x000000070b000000|  0%| F|  |TAMS 0x000000070ae00000| PB 0x000000070ae00000| Untracked |  0
|  61|0x000000070b000000, 0x000000070b000000, 0x000000070b200000|  0%| F|  |TAMS 0x000000070b000000| PB 0x000000070b000000| Untracked |  0
|  62|0x000000070b200000, 0x000000070b200000, 0x000000070b400000|  0%| F|  |TAMS 0x000000070b200000| PB 0x000000070b200000| Untracked |  0
|  63|0x000000070b400000, 0x000000070b400000, 0x000000070b600000|  0%| F|  |TAMS 0x000000070b400000| PB 0x000000070b400000| Untracked |  0
|  64|0x000000070b600000, 0x000000070b600000, 0x000000070b800000|  0%| F|  |TAMS 0x000000070b600000| PB 0x000000070b600000| Untracked |  0
|  65|0x000000070b800000, 0x000000070b800000, 0x000000070ba00000|  0%| F|  |TAMS 0x000000070b800000| PB 0x000000070b800000| Untracked |  0
|  66|0x000000070ba00000, 0x000000070ba00000, 0x000000070bc00000|  0%| F|  |TAMS 0x000000070ba00000| PB 0x000000070ba00000| Untracked |  0
|  67|0x000000070bc00000, 0x000000070bc00000, 0x000000070be00000|  0%| F|  |TAMS 0x000000070bc00000| PB 0x000000070bc00000| Untracked |  0
|  68|0x000000070be00000, 0x000000070be00000, 0x000000070c000000|  0%| F|  |TAMS 0x000000070be00000| PB 0x000000070be00000| Untracked |  0
|  69|0x000000070c000000, 0x000000070c000000, 0x000000070c200000|  0%| F|  |TAMS 0x000000070c000000| PB 0x000000070c000000| Untracked |  0
|  70|0x000000070c200000, 0x000000070c200000, 0x000000070c400000|  0%| F|  |TAMS 0x000000070c200000| PB 0x000000070c200000| Untracked |  0
|  71|0x000000070c400000, 0x000000070c400000, 0x000000070c600000|  0%| F|  |TAMS 0x000000070c400000| PB 0x000000070c400000| Untracked |  0
|  72|0x000000070c600000, 0x000000070c600000, 0x000000070c800000|  0%| F|  |TAMS 0x000000070c600000| PB 0x000000070c600000| Untracked |  0
|  73|0x000000070c800000, 0x000000070c800000, 0x000000070ca00000|  0%| F|  |TAMS 0x000000070c800000| PB 0x000000070c800000| Untracked |  0
|  74|0x000000070ca00000, 0x000000070ca00000, 0x000000070cc00000|  0%| F|  |TAMS 0x000000070ca00000| PB 0x000000070ca00000| Untracked |  0
|  75|0x000000070cc00000, 0x000000070cc00000, 0x000000070ce00000|  0%| F|  |TAMS 0x000000070cc00000| PB 0x000000070cc00000| Untracked |  0
|  76|0x000000070ce00000, 0x000000070ce00000, 0x000000070d000000|  0%| F|  |TAMS 0x000000070ce00000| PB 0x000000070ce00000| Untracked |  0
|  77|0x000000070d000000, 0x000000070d000000, 0x000000070d200000|  0%| F|  |TAMS 0x000000070d000000| PB 0x000000070d000000| Untracked |  0
|  78|0x000000070d200000, 0x000000070d200000, 0x000000070d400000|  0%| F|  |TAMS 0x000000070d200000| PB 0x000000070d200000| Untracked |  0
|  79|0x000000070d400000, 0x000000070d400000, 0x000000070d600000|  0%| F|  |TAMS 0x000000070d400000| PB 0x000000070d400000| Untracked |  0
|  80|0x000000070d600000, 0x000000070d600000, 0x000000070d800000|  0%| F|  |TAMS 0x000000070d600000| PB 0x000000070d600000| Untracked |  0
|  81|0x000000070d800000, 0x000000070d800000, 0x000000070da00000|  0%| F|  |TAMS 0x000000070d800000| PB 0x000000070d800000| Untracked |  0
|  82|0x000000070da00000, 0x000000070da00000, 0x000000070dc00000|  0%| F|  |TAMS 0x000000070da00000| PB 0x000000070da00000| Untracked |  0
|  83|0x000000070dc00000, 0x000000070dc00000, 0x000000070de00000|  0%| F|  |TAMS 0x000000070dc00000| PB 0x000000070dc00000| Untracked |  0
|  84|0x000000070de00000, 0x000000070de00000, 0x000000070e000000|  0%| F|  |TAMS 0x000000070de00000| PB 0x000000070de00000| Untracked |  0
|  85|0x000000070e000000, 0x000000070e000000, 0x000000070e200000|  0%| F|  |TAMS 0x000000070e000000| PB 0x000000070e000000| Untracked |  0
|  86|0x000000070e200000, 0x000000070e200000, 0x000000070e400000|  0%| F|  |TAMS 0x000000070e200000| PB 0x000000070e200000| Untracked |  0
|  87|0x000000070e400000, 0x000000070e400000, 0x000000070e600000|  0%| F|  |TAMS 0x000000070e400000| PB 0x000000070e400000| Untracked |  0
|  88|0x000000070e600000, 0x000000070e600000, 0x000000070e800000|  0%| F|  |TAMS 0x000000070e600000| PB 0x000000070e600000| Untracked |  0
|  89|0x000000070e800000, 0x000000070e800000, 0x000000070ea00000|  0%| F|  |TAMS 0x000000070e800000| PB 0x000000070e800000| Untracked |  0
|  90|0x000000070ea00000, 0x000000070ea00000, 0x000000070ec00000|  0%| F|  |TAMS 0x000000070ea00000| PB 0x000000070ea00000| Untracked |  0
|  91|0x000000070ec00000, 0x000000070ec00000, 0x000000070ee00000|  0%| F|  |TAMS 0x000000070ec00000| PB 0x000000070ec00000| Untracked |  0
|  92|0x000000070ee00000, 0x000000070ee00000, 0x000000070f000000|  0%| F|  |TAMS 0x000000070ee00000| PB 0x000000070ee00000| Untracked |  0
|  93|0x000000070f000000, 0x000000070f000000, 0x000000070f200000|  0%| F|  |TAMS 0x000000070f000000| PB 0x000000070f000000| Untracked |  0
|  94|0x000000070f200000, 0x000000070f200000, 0x000000070f400000|  0%| F|  |TAMS 0x000000070f200000| PB 0x000000070f200000| Untracked |  0
|  95|0x000000070f400000, 0x000000070f400000, 0x000000070f600000|  0%| F|  |TAMS 0x000000070f400000| PB 0x000000070f400000| Untracked |  0
|  96|0x000000070f600000, 0x000000070f600000, 0x000000070f800000|  0%| F|  |TAMS 0x000000070f600000| PB 0x000000070f600000| Untracked |  0
|  97|0x000000070f800000, 0x000000070f800000, 0x000000070fa00000|  0%| F|  |TAMS 0x000000070f800000| PB 0x000000070f800000| Untracked |  0
|  98|0x000000070fa00000, 0x000000070fa00000, 0x000000070fc00000|  0%| F|  |TAMS 0x000000070fa00000| PB 0x000000070fa00000| Untracked |  0
|  99|0x000000070fc00000, 0x000000070fc00000, 0x000000070fe00000|  0%| F|  |TAMS 0x000000070fc00000| PB 0x000000070fc00000| Untracked |  0
| 100|0x000000070fe00000, 0x000000070fe00000, 0x0000000710000000|  0%| F|  |TAMS 0x000000070fe00000| PB 0x000000070fe00000| Untracked |  0
| 101|0x0000000710000000, 0x0000000710000000, 0x0000000710200000|  0%| F|  |TAMS 0x0000000710000000| PB 0x0000000710000000| Untracked |  0
| 102|0x0000000710200000, 0x0000000710200000, 0x0000000710400000|  0%| F|  |TAMS 0x0000000710200000| PB 0x0000000710200000| Untracked |  0
| 103|0x0000000710400000, 0x0000000710400000, 0x0000000710600000|  0%| F|  |TAMS 0x0000000710400000| PB 0x0000000710400000| Untracked |  0
| 104|0x0000000710600000, 0x0000000710600000, 0x0000000710800000|  0%| F|  |TAMS 0x0000000710600000| PB 0x0000000710600000| Untracked |  0
| 105|0x0000000710800000, 0x0000000710800000, 0x0000000710a00000|  0%| F|  |TAMS 0x0000000710800000| PB 0x0000000710800000| Untracked |  0
| 106|0x0000000710a00000, 0x0000000710a00000, 0x0000000710c00000|  0%| F|  |TAMS 0x0000000710a00000| PB 0x0000000710a00000| Untracked |  0
| 107|0x0000000710c00000, 0x0000000710c00000, 0x0000000710e00000|  0%| F|  |TAMS 0x0000000710c00000| PB 0x0000000710c00000| Untracked |  0
| 108|0x0000000710e00000, 0x0000000710eeee40, 0x0000000711000000| 46%| E|  |TAMS 0x0000000710e00000| PB 0x0000000710e00000| Complete |  0
| 109|0x0000000711000000, 0x00000007110c52d0, 0x0000000711200000| 38%| S|CS|TAMS 0x0000000711000000| PB 0x0000000711000000| Complete |  0
| 110|0x0000000711200000, 0x0000000711400000, 0x0000000711400000|100%| S|CS|TAMS 0x0000000711200000| PB 0x0000000711200000| Complete |  0
| 111|0x0000000711400000, 0x0000000711600000, 0x0000000711600000|100%| E|CS|TAMS 0x0000000711400000| PB 0x0000000711400000| Complete |  0
| 112|0x0000000711600000, 0x0000000711800000, 0x0000000711800000|100%| E|CS|TAMS 0x0000000711600000| PB 0x0000000711600000| Complete |  0
| 113|0x0000000711800000, 0x0000000711a00000, 0x0000000711a00000|100%| E|CS|TAMS 0x0000000711800000| PB 0x0000000711800000| Complete |  0
| 114|0x0000000711a00000, 0x0000000711c00000, 0x0000000711c00000|100%| E|CS|TAMS 0x0000000711a00000| PB 0x0000000711a00000| Complete |  0
| 115|0x0000000711c00000, 0x0000000711e00000, 0x0000000711e00000|100%| E|CS|TAMS 0x0000000711c00000| PB 0x0000000711c00000| Complete |  0
| 116|0x0000000711e00000, 0x0000000712000000, 0x0000000712000000|100%| E|CS|TAMS 0x0000000711e00000| PB 0x0000000711e00000| Complete |  0
| 117|0x0000000712000000, 0x0000000712200000, 0x0000000712200000|100%| E|CS|TAMS 0x0000000712000000| PB 0x0000000712000000| Complete |  0
| 118|0x0000000712200000, 0x0000000712400000, 0x0000000712400000|100%| E|CS|TAMS 0x0000000712200000| PB 0x0000000712200000| Complete |  0
| 119|0x0000000712400000, 0x0000000712600000, 0x0000000712600000|100%| E|CS|TAMS 0x0000000712400000| PB 0x0000000712400000| Complete |  0
| 120|0x0000000712600000, 0x0000000712800000, 0x0000000712800000|100%| E|CS|TAMS 0x0000000712600000| PB 0x0000000712600000| Complete |  0
| 121|0x0000000712800000, 0x0000000712a00000, 0x0000000712a00000|100%| E|CS|TAMS 0x0000000712800000| PB 0x0000000712800000| Complete |  0
| 122|0x0000000712a00000, 0x0000000712c00000, 0x0000000712c00000|100%| E|CS|TAMS 0x0000000712a00000| PB 0x0000000712a00000| Complete |  0
| 123|0x0000000712c00000, 0x0000000712e00000, 0x0000000712e00000|100%| E|CS|TAMS 0x0000000712c00000| PB 0x0000000712c00000| Complete |  0
| 124|0x0000000712e00000, 0x0000000713000000, 0x0000000713000000|100%| E|CS|TAMS 0x0000000712e00000| PB 0x0000000712e00000| Complete |  0
| 125|0x0000000713000000, 0x0000000713200000, 0x0000000713200000|100%| E|CS|TAMS 0x0000000713000000| PB 0x0000000713000000| Complete |  0
| 126|0x0000000713200000, 0x0000000713400000, 0x0000000713400000|100%| E|CS|TAMS 0x0000000713200000| PB 0x0000000713200000| Complete |  0

Card table byte_map: [0x000001cc77940000,0x000001cc78130000] _byte_map_base: 0x000001cc74125000

Marking Bits: (CMBitMap*) 0x000001cc5d9ee600
 Bits: [0x000001cc78130000, 0x000001cc7c058000)

Polling page: 0x000001cc5f2a0000

Metaspace:

Usage:
  Non-class:     17.97 MB used.
      Class:      2.49 MB used.
       Both:     20.46 MB used.

Virtual space:
  Non-class space:       64.00 MB reserved,      18.19 MB ( 28%) committed,  1 nodes.
      Class space:        1.00 GB reserved,       2.62 MB ( <1%) committed,  1 nodes.
             Both:        1.06 GB reserved,      20.81 MB (  2%) committed. 

Chunk freelists:
   Non-Class:  13.17 MB
       Class:  13.28 MB
        Both:  26.45 MB

MaxMetaspaceSize: unlimited
CompressedClassSpaceSize: 1.00 GB
Initial GC threshold: 21.00 MB
Current GC threshold: 21.00 MB
CDS: on
 - commit_granule_bytes: 65536.
 - commit_granule_words: 8192.
 - virtual_space_node_default_size: 8388608.
 - enlarge_chunks_in_place: 1.
 - use_allocation_guard: 0.


Internal statistics:

num_allocs_failed_limit: 0.
num_arena_births: 316.
num_arena_deaths: 0.
num_vsnodes_births: 2.
num_vsnodes_deaths: 0.
num_space_committed: 333.
num_space_uncommitted: 0.
num_chunks_returned_to_freelist: 0.
num_chunks_taken_from_freelist: 998.
num_chunk_merges: 0.
num_chunk_splits: 667.
num_chunks_enlarged: 465.
num_inconsistent_stats: 0.

CodeHeap 'non-profiled nmethods': size=120000Kb used=1249Kb max_used=1249Kb free=118750Kb
 bounds [0x000001cc6f8f0000, 0x000001cc6fb60000, 0x000001cc76e20000]
CodeHeap 'profiled nmethods': size=120000Kb used=5616Kb max_used=5616Kb free=114383Kb
 bounds [0x000001cc67e20000, 0x000001cc683a0000, 0x000001cc6f350000]
CodeHeap 'non-nmethods': size=5760Kb used=1619Kb max_used=1642Kb free=4140Kb
 bounds [0x000001cc6f350000, 0x000001cc6f5c0000, 0x000001cc6f8f0000]
 total_blobs=3403 nmethods=2862 adapters=444
 compilation: enabled
              stopped_count=0, restarted_count=0
 full_count=0

Compilation events (20 events):
Event: 1.507 Thread 0x000001cc7eab2c80 2760       3       java.util.Collections$UnmodifiableCollection$1::<init> (26 bytes)
Event: 1.507 Thread 0x000001cc7eab2c80 nmethod 2760 0x000001cc68359710 code [0x000001cc683598c0, 0x000001cc68359bd0]
Event: 1.507 Thread 0x000001cc7eab2c80 2761       3       org.springframework.context.annotation.ConfigurationClassParser$$Lambda/0x000001cc01256ef8::test (8 bytes)
Event: 1.508 Thread 0x000001cc7eab2c80 nmethod 2761 0x000001cc68359d10 code [0x000001cc68359ee0, 0x000001cc6835a300]
Event: 1.508 Thread 0x000001cc7eab2c80 2762       3       org.springframework.context.annotation.ConfigurationClassParser::lambda$static$0 (26 bytes)
Event: 1.508 Thread 0x000001cc7eab2c80 nmethod 2762 0x000001cc6835a490 code [0x000001cc6835a660, 0x000001cc6835a928]
Event: 1.508 Thread 0x000001cc7eab2c80 2764       3       org.springframework.boot.autoconfigure.AutoConfigurationMetadataLoader$PropertiesAutoConfigurationMetadata::getSet (23 bytes)
Event: 1.510 Thread 0x000001cc7eab2c80 nmethod 2764 0x000001cc6835aa90 code [0x000001cc6835af60, 0x000001cc6835d680]
Event: 1.510 Thread 0x000001cc7eab2c80 2763       3       org.springframework.boot.type.classreading.ConcurrentReferenceCachingMetadataReaderFactory::getMetadataReader (38 bytes)
Event: 1.510 Thread 0x000001cc7eab2c80 nmethod 2763 0x000001cc6835e490 code [0x000001cc6835e660, 0x000001cc6835ea98]
Event: 1.510 Thread 0x000001cc7eab2c80 2767       3       java.lang.invoke.LambdaForm$MH/0x000001cc0101b400::invoke (27 bytes)
Event: 1.510 Thread 0x000001cc7eab2c80 nmethod 2767 0x000001cc6835ec10 code [0x000001cc6835edc0, 0x000001cc6835f200]
Event: 1.510 Thread 0x000001cc7eab2c80 2765       1       org.springframework.context.annotation.ConditionEvaluator$ConditionContextImpl::getClassLoader (5 bytes)
Event: 1.510 Thread 0x000001cc7eab2c80 nmethod 2765 0x000001cc6fa20010 code [0x000001cc6fa201a0, 0x000001cc6fa20270]
Event: 1.511 Thread 0x000001cc452e4e30 nmethod 2747 0x000001cc6fa20310 code [0x000001cc6fa204e0, 0x000001cc6fa20d70]
Event: 1.511 Thread 0x000001cc452e4e30 2766       4       java.util.jar.JarFile::getVersionedEntry (133 bytes)
Event: 1.525 Thread 0x000001cc45301c80 nmethod 2711% 0x000001cc6fa21010 code [0x000001cc6fa213e0, 0x000001cc6fa230c0]
Event: 1.527 Thread 0x000001cc45301c80 2768   !   4       java.util.concurrent.ConcurrentHashMap::transfer (849 bytes)
Event: 1.538 Thread 0x000001cc7eab2c80 2769       3       java.lang.invoke.LambdaForm$MH/0x000001cc0101bc00::invoke (94 bytes)
Event: 1.538 Thread 0x000001cc7eab2c80 nmethod 2769 0x000001cc6835f310 code [0x000001cc6835f540, 0x000001cc68360110]

GC Heap History (4 events):
Event: 0.619 GC heap before
{Heap before GC invocations=0 (full 0):
 garbage-first heap   total reserved 4139008K, committed 260096K, used 22528K [0x0000000703600000, 0x0000000800000000)
  region size 2048K, 12 young (24576K), 0 survivors (0K)
 Metaspace       used 6595K, committed 6848K, reserved 1114112K
  class space    used 777K, committed 896K, reserved 1048576K
}
Event: 0.625 GC heap after
{Heap after GC invocations=1 (full 0):
 garbage-first heap   total reserved 4139008K, committed 260096K, used 7756K [0x0000000703600000, 0x0000000800000000)
  region size 2048K, 2 young (4096K), 2 survivors (4096K)
 Metaspace       used 6595K, committed 6848K, reserved 1114112K
  class space    used 777K, committed 896K, reserved 1048576K
}
Event: 1.078 GC heap before
{Heap before GC invocations=1 (full 0):
 garbage-first heap   total reserved 4139008K, committed 260096K, used 34380K [0x0000000703600000, 0x0000000800000000)
  region size 2048K, 16 young (32768K), 2 survivors (4096K)
 Metaspace       used 15272K, committed 15616K, reserved 1114112K
  class space    used 1827K, committed 1984K, reserved 1048576K
}
Event: 1.083 GC heap after
{Heap after GC invocations=2 (full 0):
 garbage-first heap   total reserved 4139008K, committed 260096K, used 10391K [0x0000000703600000, 0x0000000800000000)
  region size 2048K, 2 young (4096K), 2 survivors (4096K)
 Metaspace       used 15272K, committed 15616K, reserved 1114112K
  class space    used 1827K, committed 1984K, reserved 1048576K
}

Dll operation events (12 events):
Event: 0.008 Loaded shared library C:\Users\Dinely\.jdks\openjdk-22.0.2\bin\java.dll
Event: 0.036 Loaded shared library C:\Users\Dinely\.jdks\openjdk-22.0.2\bin\jsvml.dll
Event: 0.106 Loaded shared library C:\Users\Dinely\.jdks\openjdk-22.0.2\bin\zip.dll
Event: 0.108 Loaded shared library C:\Users\Dinely\.jdks\openjdk-22.0.2\bin\instrument.dll
Event: 0.112 Loaded shared library C:\Users\Dinely\.jdks\openjdk-22.0.2\bin\net.dll
Event: 0.114 Loaded shared library C:\Users\Dinely\.jdks\openjdk-22.0.2\bin\nio.dll
Event: 0.117 Loaded shared library C:\Users\Dinely\.jdks\openjdk-22.0.2\bin\zip.dll
Event: 0.198 Loaded shared library C:\Program Files\JetBrains\IntelliJ IDEA Community Edition 2024.2.1\bin\breakgen64.dll
Event: 0.210 Loaded shared library C:\Users\Dinely\.jdks\openjdk-22.0.2\bin\extnet.dll
Event: 0.241 Loaded shared library C:\Users\Dinely\.jdks\openjdk-22.0.2\bin\jimage.dll
Event: 0.834 Loaded shared library C:\Users\Dinely\.jdks\openjdk-22.0.2\bin\le.dll
Event: 1.223 Loaded shared library C:\Users\Dinely\.jdks\openjdk-22.0.2\bin\sunmscapi.dll

Deoptimization events (20 events):
Event: 1.350 Thread 0x000001cc5d929c20 DEOPT PACKING pc=0x000001cc67fd9d8d sp=0x00000028a65fe460
Event: 1.350 Thread 0x000001cc5d929c20 DEOPT UNPACKING pc=0x000001cc6f3a88e2 sp=0x00000028a65fd950 mode 0
Event: 1.350 Thread 0x000001cc5d929c20 DEOPT PACKING pc=0x000001cc67f6207e sp=0x00000028a65fe470
Event: 1.350 Thread 0x000001cc5d929c20 DEOPT UNPACKING pc=0x000001cc6f3a88e2 sp=0x00000028a65fd958 mode 0
Event: 1.350 Thread 0x000001cc5d929c20 DEOPT PACKING pc=0x000001cc67fd9d8d sp=0x00000028a65fe460
Event: 1.350 Thread 0x000001cc5d929c20 DEOPT UNPACKING pc=0x000001cc6f3a88e2 sp=0x00000028a65fd950 mode 0
Event: 1.350 Thread 0x000001cc5d929c20 DEOPT PACKING pc=0x000001cc67f6207e sp=0x00000028a65fe470
Event: 1.350 Thread 0x000001cc5d929c20 DEOPT UNPACKING pc=0x000001cc6f3a88e2 sp=0x00000028a65fd958 mode 0
Event: 1.350 Thread 0x000001cc5d929c20 DEOPT PACKING pc=0x000001cc67fd9d8d sp=0x00000028a65fe460
Event: 1.350 Thread 0x000001cc5d929c20 DEOPT UNPACKING pc=0x000001cc6f3a88e2 sp=0x00000028a65fd950 mode 0
Event: 1.351 Thread 0x000001cc5d929c20 DEOPT PACKING pc=0x000001cc67f6207e sp=0x00000028a65fe470
Event: 1.351 Thread 0x000001cc5d929c20 DEOPT UNPACKING pc=0x000001cc6f3a88e2 sp=0x00000028a65fd958 mode 0
Event: 1.351 Thread 0x000001cc5d929c20 DEOPT PACKING pc=0x000001cc67fd9d8d sp=0x00000028a65fe460
Event: 1.351 Thread 0x000001cc5d929c20 DEOPT UNPACKING pc=0x000001cc6f3a88e2 sp=0x00000028a65fd950 mode 0
Event: 1.416 Thread 0x000001cc5d929c20 Uncommon trap: trap_request=0xffffff45 fr.pc=0x000001cc6f96d97c relative=0x0000000000000a3c
Event: 1.416 Thread 0x000001cc5d929c20 Uncommon trap: reason=unstable_if action=reinterpret pc=0x000001cc6f96d97c method=jdk.internal.org.objectweb.asm.SymbolTable.put(Ljdk/internal/org/objectweb/asm/SymbolTable$Entry;)Ljdk/internal/org/objectweb/asm/SymbolTable$Entry; @ 13 c2
Event: 1.416 Thread 0x000001cc5d929c20 DEOPT PACKING pc=0x000001cc6f96d97c sp=0x00000028a65fc960
Event: 1.416 Thread 0x000001cc5d929c20 DEOPT UNPACKING pc=0x000001cc6f3a7da2 sp=0x00000028a65fc898 mode 2
Event: 1.527 Thread 0x000001cc5d929c20 DEOPT PACKING pc=0x000001cc6821b55d sp=0x00000028a65fbd60
Event: 1.527 Thread 0x000001cc5d929c20 DEOPT UNPACKING pc=0x000001cc6f3a88e2 sp=0x00000028a65fb270 mode 0

Classes loaded (20 events):
Event: 1.219 Loading class javax/security/auth/callback/CallbackHandler
Event: 1.219 Loading class javax/security/auth/callback/CallbackHandler done
Event: 1.219 Loading class javax/security/auth/Subject
Event: 1.219 Loading class javax/security/auth/Subject done
Event: 1.226 Loading class sun/security/provider/certpath/ldap/JdkLDAP
Event: 1.226 Loading class sun/security/provider/certpath/ldap/JdkLDAP done
Event: 1.226 Loading class sun/security/provider/certpath/ldap/JdkLDAP$ProviderService
Event: 1.226 Loading class sun/security/provider/certpath/ldap/JdkLDAP$ProviderService done
Event: 1.226 Loading class com/sun/security/sasl/Provider
Event: 1.226 Loading class com/sun/security/sasl/Provider done
Event: 1.226 Loading class com/sun/security/sasl/Provider$1
Event: 1.226 Loading class com/sun/security/sasl/Provider$1 done
Event: 1.227 Loading class com/sun/security/sasl/Provider$ProviderService
Event: 1.227 Loading class com/sun/security/sasl/Provider$ProviderService done
Event: 1.298 Loading class java/lang/Thread$ThreadNumbering
Event: 1.298 Loading class java/lang/Thread$ThreadNumbering done
Event: 1.310 Loading class javax/naming/ldap/LdapContext
Event: 1.310 Loading class javax/naming/directory/DirContext
Event: 1.310 Loading class javax/naming/directory/DirContext done
Event: 1.310 Loading class javax/naming/ldap/LdapContext done

Classes unloaded (0 events):
No events

Classes redefined (0 events):
No events

Internal exceptions (20 events):
Event: 0.795 Thread 0x000001cc5d929c20 Exception <a 'java/lang/NoSuchMethodError'{0x0000000712dcff80}: 'java.lang.Object java.lang.invoke.DirectMethodHandle$Holder.invokeStatic(java.lang.Object, java.lang.Object, int)'> (0x0000000712dcff80) 
thrown [s\open\src\hotspot\share\interpreter\linkResolver.cpp, line 774]
Event: 0.796 Thread 0x000001cc5d929c20 Exception <a 'java/lang/NoSuchMethodError'{0x0000000712ddb0f0}: 'void java.lang.invoke.DelegatingMethodHandle$Holder.delegate(java.lang.Object, java.lang.Object, int, java.lang.Object)'> (0x0000000712ddb0f0) 
thrown [s\open\src\hotspot\share\interpreter\linkResolver.cpp, line 774]
Event: 0.811 Thread 0x000001cc5d929c20 Exception <a 'java/lang/IncompatibleClassChangeError'{0x0000000712b3b378}: Found class java.lang.Object, but interface was expected> (0x0000000712b3b378) 
thrown [s\open\src\hotspot\share\interpreter\linkResolver.cpp, line 841]
Event: 0.815 Thread 0x000001cc5d929c20 Exception <a 'java/lang/NoSuchMethodError'{0x0000000712b51528}: 'java.lang.Object java.lang.invoke.DirectMethodHandle$Holder.invokeStaticInit(java.lang.Object, int)'> (0x0000000712b51528) 
thrown [s\open\src\hotspot\share\interpreter\linkResolver.cpp, line 774]
Event: 0.817 Thread 0x000001cc5d929c20 Exception <a 'java/lang/NoSuchMethodError'{0x0000000712b5b908}: 'java.lang.Object java.lang.invoke.DirectMethodHandle$Holder.invokeStatic(java.lang.Object, int, java.lang.Object)'> (0x0000000712b5b908) 
thrown [s\open\src\hotspot\share\interpreter\linkResolver.cpp, line 774]
Event: 0.818 Thread 0x000001cc5d929c20 Exception <a 'java/lang/NoSuchMethodError'{0x0000000712b5ef88}: 'java.lang.Object java.lang.invoke.DirectMethodHandle$Holder.invokeStaticInit(java.lang.Object, int, java.lang.Object)'> (0x0000000712b5ef88) 
thrown [s\open\src\hotspot\share\interpreter\linkResolver.cpp, line 774]
Event: 0.828 Thread 0x000001cc5d929c20 Exception <a 'sun/nio/fs/WindowsException'{0x0000000712b81058}> (0x0000000712b81058) 
thrown [s\open\src\hotspot\share\prims\jni.cpp, line 520]
Event: 0.836 Thread 0x000001cc5d929c20 Exception <a 'jdk/internal/org/jline/terminal/impl/jna/LastErrorException'{0x0000000712853940}> (0x0000000712853940) 
thrown [s\open\src\hotspot\share\prims\jni.cpp, line 520]
Event: 0.836 Thread 0x000001cc5d929c20 Exception <a 'jdk/internal/org/jline/terminal/impl/jna/LastErrorException'{0x0000000712854000}> (0x0000000712854000) 
thrown [s\open\src\hotspot\share\prims\jni.cpp, line 520]
Event: 0.836 Thread 0x000001cc5d929c20 Exception <a 'jdk/internal/org/jline/terminal/impl/jna/LastErrorException'{0x0000000712854670}> (0x0000000712854670) 
thrown [s\open\src\hotspot\share\prims\jni.cpp, line 520]
Event: 0.934 Thread 0x000001cc5d929c20 Exception <a 'java/lang/NoSuchMethodError'{0x00000007127a63b0}: 'int java.lang.invoke.DirectMethodHandle$Holder.invokeVirtual(java.lang.Object, java.lang.Object)'> (0x00000007127a63b0) 
thrown [s\open\src\hotspot\share\interpreter\linkResolver.cpp, line 774]
Event: 1.142 Thread 0x000001cc4628fb40 Exception <a 'java/lang/NoSuchMethodError'{0x0000000712a0c240}: 'long java.lang.invoke.DirectMethodHandle$Holder.invokeSpecial(java.lang.Object, java.lang.Object)'> (0x0000000712a0c240) 
thrown [s\open\src\hotspot\share\interpreter\linkResolver.cpp, line 774]
Event: 1.143 Thread 0x000001cc4628fb40 Exception <a 'java/lang/NoSuchMethodError'{0x0000000712a16110}: 'long java.lang.invoke.DirectMethodHandle$Holder.invokeStatic(java.lang.Object, java.lang.Object)'> (0x0000000712a16110) 
thrown [s\open\src\hotspot\share\interpreter\linkResolver.cpp, line 774]
Event: 1.143 Thread 0x000001cc4628fb40 Exception <a 'java/lang/NoSuchMethodError'{0x0000000712a191f8}: 'long java.lang.invoke.DirectMethodHandle$Holder.invokeStaticInit(java.lang.Object, java.lang.Object)'> (0x0000000712a191f8) 
thrown [s\open\src\hotspot\share\interpreter\linkResolver.cpp, line 774]
Event: 1.144 Thread 0x000001cc4628fb40 Exception <a 'java/lang/NoSuchMethodError'{0x0000000712a253f0}: 'long java.lang.invoke.DirectMethodHandle$Holder.invokeInterface(java.lang.Object, java.lang.Object)'> (0x0000000712a253f0) 
thrown [s\open\src\hotspot\share\interpreter\linkResolver.cpp, line 774]
Event: 1.145 Thread 0x000001cc4628fb40 Exception <a 'java/lang/IncompatibleClassChangeError'{0x0000000712a28400}: Found class java.lang.Object, but interface was expected> (0x0000000712a28400) 
thrown [s\open\src\hotspot\share\interpreter\linkResolver.cpp, line 841]
Event: 1.147 Thread 0x000001cc4628fb40 Exception <a 'java/lang/NoSuchMethodError'{0x0000000712a3da70}: 'java.lang.Object java.lang.invoke.DirectMethodHandle$Holder.invokeVirtual(java.lang.Object, java.lang.Object, java.lang.Object, java.lang.Object)'> (0x0000000712a3da70) 
thrown [s\open\src\hotspot\share\interpreter\linkResolver.cpp, line 774]
Event: 1.151 Thread 0x000001cc5d929c20 Exception <a 'java/lang/NoSuchMethodError'{0x0000000712a8db90}: 'int java.lang.invoke.DirectMethodHandle$Holder.invokeSpecial(java.lang.Object, java.lang.Object, java.lang.Object, java.lang.Object, java.lang.Object)'> (0x0000000712a8db90) 
thrown [s\open\src\hotspot\share\interpreter\linkResolver.cpp, line 774]
Event: 1.152 Thread 0x000001cc5d929c20 Exception <a 'java/lang/NoSuchMethodError'{0x0000000712a96030}: 'void java.lang.invoke.DirectMethodHandle$Holder.invokeVirtual(java.lang.Object, java.lang.Object)'> (0x0000000712a96030) 
thrown [s\open\src\hotspot\share\interpreter\linkResolver.cpp, line 774]
Event: 1.345 Thread 0x000001cc5d929c20 Exception <a 'java/lang/IncompatibleClassChangeError'{0x0000000711fabf08}: Found class java.lang.Object, but interface was expected> (0x0000000711fabf08) 
thrown [s\open\src\hotspot\share\interpreter\linkResolver.cpp, line 841]

ZGC Phase Switch (0 events):
No events

VM Operations (20 events):
Event: 0.795 Executing VM operation: HandshakeAllThreads (Deoptimize)
Event: 0.795 Executing VM operation: HandshakeAllThreads (Deoptimize) done
Event: 0.802 Executing VM operation: ICBufferFull
Event: 0.803 Executing VM operation: ICBufferFull done
Event: 0.819 Executing VM operation: HandshakeAllThreads (Deoptimize)
Event: 0.819 Executing VM operation: HandshakeAllThreads (Deoptimize) done
Event: 1.003 Executing VM operation: HandshakeAllThreads (Deoptimize)
Event: 1.004 Executing VM operation: HandshakeAllThreads (Deoptimize) done
Event: 1.078 Executing VM operation: G1CollectForAllocation (G1 Evacuation Pause)
Event: 1.083 Executing VM operation: G1CollectForAllocation (G1 Evacuation Pause) done
Event: 1.139 Executing VM operation: HandshakeAllThreads (Deoptimize)
Event: 1.139 Executing VM operation: HandshakeAllThreads (Deoptimize) done
Event: 1.179 Executing VM operation: HandshakeAllThreads (Deoptimize)
Event: 1.180 Executing VM operation: HandshakeAllThreads (Deoptimize) done
Event: 1.206 Executing VM operation: HandshakeAllThreads (Deoptimize)
Event: 1.206 Executing VM operation: HandshakeAllThreads (Deoptimize) done
Event: 1.352 Executing VM operation: HandshakeAllThreads (Deoptimize)
Event: 1.352 Executing VM operation: HandshakeAllThreads (Deoptimize) done
Event: 1.395 Executing VM operation: ICBufferFull
Event: 1.395 Executing VM operation: ICBufferFull done

Memory protections (0 events):
No events

Nmethod flushes (0 events):
No events

Events (18 events):
Event: 0.022 Thread 0x000001cc5d929c20 Thread added: 0x000001cc5d929c20
Event: 0.033 Thread 0x000001cc5d929c20 Thread added: 0x000001cc7ea926d0
Event: 0.033 Thread 0x000001cc5d929c20 Thread added: 0x000001cc7ea95750
Event: 0.033 Thread 0x000001cc5d929c20 Thread added: 0x000001cc7ea9aa80
Event: 0.034 Thread 0x000001cc5d929c20 Thread added: 0x000001cc7ea9d5e0
Event: 0.034 Thread 0x000001cc5d929c20 Thread added: 0x000001cc7ea9e2e0
Event: 0.034 Thread 0x000001cc5d929c20 Thread added: 0x000001cc7ea9f340
Event: 0.034 Thread 0x000001cc5d929c20 Thread added: 0x000001cc7eaabe00
Event: 0.034 Thread 0x000001cc5d929c20 Thread added: 0x000001cc7eab2c80
Event: 0.086 Thread 0x000001cc5d929c20 Thread added: 0x000001cc451d5d60
Event: 0.142 Thread 0x000001cc7eab2c80 Thread added: 0x000001cc452e4e30
Event: 0.143 Thread 0x000001cc7eab2c80 Thread added: 0x000001cc45301c80
Event: 0.199 Thread 0x000001cc5d929c20 Thread added: 0x000001cc4550d890
Event: 0.199 Thread 0x000001cc5d929c20 Thread added: 0x000001cc4550df00
Event: 0.790 Thread 0x000001cc5d929c20 Thread added: 0x000001cc4628fb40
Event: 1.228 Thread 0x000001cc4628fb40 Thread exited: 0x000001cc4628fb40
Event: 1.298 Thread 0x000001cc5d929c20 Thread added: 0x000001cc46df6040
Event: 1.326 Thread 0x000001cc46df6040 Thread exited: 0x000001cc46df6040


Dynamic libraries:
0x00007ff7a0180000 - 0x00007ff7a018e000 	C:\Users\Dinely\.jdks\openjdk-22.0.2\bin\java.exe
0x00007ff9936f0000 - 0x00007ff9938e8000 	C:\Windows\SYSTEM32\ntdll.dll
0x00007ff991fb0000 - 0x00007ff992072000 	C:\Windows\System32\KERNEL32.DLL
0x00007ff991180000 - 0x00007ff99147e000 	C:\Windows\System32\KERNELBASE.dll
0x00007ff990f10000 - 0x00007ff991010000 	C:\Windows\System32\ucrtbase.dll
0x00007ff9858d0000 - 0x00007ff9858eb000 	C:\Users\Dinely\.jdks\openjdk-22.0.2\bin\VCRUNTIME140.dll
0x00007ff986850000 - 0x00007ff986867000 	C:\Users\Dinely\.jdks\openjdk-22.0.2\bin\jli.dll
0x00007ff992ce0000 - 0x00007ff992e7d000 	C:\Windows\System32\USER32.dll
0x00007ff963730000 - 0x00007ff9639ca000 	C:\Windows\WinSxS\amd64_microsoft.windows.common-controls_6595b64144ccf1df_6.0.19041.4355_none_60b8b9eb71f62e16\COMCTL32.dll
0x00007ff990d90000 - 0x00007ff990db2000 	C:\Windows\System32\win32u.dll
0x00007ff991710000 - 0x00007ff9917ae000 	C:\Windows\System32\msvcrt.dll
0x00007ff9917b0000 - 0x00007ff9917db000 	C:\Windows\System32\GDI32.dll
0x00007ff991010000 - 0x00007ff991127000 	C:\Windows\System32\gdi32full.dll
0x00007ff991480000 - 0x00007ff99151d000 	C:\Windows\System32\msvcp_win.dll
0x00007ff9926c0000 - 0x00007ff9926ef000 	C:\Windows\System32\IMM32.DLL
0x00007ff98a670000 - 0x00007ff98a67c000 	C:\Users\Dinely\.jdks\openjdk-22.0.2\bin\vcruntime140_1.dll
0x00007ff957f30000 - 0x00007ff957fbe000 	C:\Users\Dinely\.jdks\openjdk-22.0.2\bin\msvcp140.dll
0x00007ff90e740000 - 0x00007ff90f489000 	C:\Users\Dinely\.jdks\openjdk-22.0.2\bin\server\jvm.dll
0x00007ff9928b0000 - 0x00007ff992961000 	C:\Windows\System32\ADVAPI32.dll
0x00007ff992080000 - 0x00007ff99211f000 	C:\Windows\System32\sechost.dll
0x00007ff992120000 - 0x00007ff992243000 	C:\Windows\System32\RPCRT4.dll
0x00007ff990dc0000 - 0x00007ff990de7000 	C:\Windows\System32\bcrypt.dll
0x00007ff9934b0000 - 0x00007ff99351b000 	C:\Windows\System32\WS2_32.dll
0x00007ff990780000 - 0x00007ff9907cb000 	C:\Windows\SYSTEM32\POWRPROF.dll
0x00007ff97b3b0000 - 0x00007ff97b3d7000 	C:\Windows\SYSTEM32\WINMM.dll
0x00007ff98a310000 - 0x00007ff98a31a000 	C:\Windows\SYSTEM32\VERSION.dll
0x00007ff990760000 - 0x00007ff990772000 	C:\Windows\SYSTEM32\UMPDC.dll
0x00007ff98ebb0000 - 0x00007ff98ebc2000 	C:\Windows\SYSTEM32\kernel.appcore.dll
0x00007ff989b10000 - 0x00007ff989b1a000 	C:\Users\Dinely\.jdks\openjdk-22.0.2\bin\jimage.dll
0x00007ff988150000 - 0x00007ff988334000 	C:\Windows\SYSTEM32\DBGHELP.DLL
0x00007ff988580000 - 0x00007ff9885b4000 	C:\Windows\SYSTEM32\dbgcore.DLL
0x00007ff991680000 - 0x00007ff991702000 	C:\Windows\System32\bcryptPrimitives.dll
0x00007ff9898e0000 - 0x00007ff9898ef000 	C:\Users\Dinely\.jdks\openjdk-22.0.2\bin\instrument.dll
0x00007ff9858b0000 - 0x00007ff9858ce000 	C:\Users\Dinely\.jdks\openjdk-22.0.2\bin\java.dll
0x00007ff991840000 - 0x00007ff991fad000 	C:\Windows\System32\SHELL32.dll
0x00007ff993380000 - 0x00007ff9934ab000 	C:\Windows\System32\ole32.dll
0x00007ff992980000 - 0x00007ff992cd3000 	C:\Windows\System32\combase.dll
0x00007ff98edd0000 - 0x00007ff98f574000 	C:\Windows\SYSTEM32\windows.storage.dll
0x00007ff990600000 - 0x00007ff99062e000 	C:\Windows\SYSTEM32\Wldp.dll
0x00007ff992e80000 - 0x00007ff992f4d000 	C:\Windows\System32\OLEAUT32.dll
0x00007ff992f50000 - 0x00007ff992ffd000 	C:\Windows\System32\SHCORE.dll
0x00007ff993000000 - 0x00007ff993055000 	C:\Windows\System32\shlwapi.dll
0x00007ff990cc0000 - 0x00007ff990ce4000 	C:\Windows\SYSTEM32\profapi.dll
0x00007ff9572c0000 - 0x00007ff957397000 	C:\Users\Dinely\.jdks\openjdk-22.0.2\bin\jsvml.dll
0x00007ff985870000 - 0x00007ff985887000 	C:\Users\Dinely\.jdks\openjdk-22.0.2\bin\zip.dll
0x00007ff989820000 - 0x00007ff989830000 	C:\Users\Dinely\.jdks\openjdk-22.0.2\bin\net.dll
0x00007ff9903f0000 - 0x00007ff99045a000 	C:\Windows\system32\mswsock.dll
0x00007ff985890000 - 0x00007ff9858a6000 	C:\Users\Dinely\.jdks\openjdk-22.0.2\bin\nio.dll
0x00007ff97b2c0000 - 0x00007ff97b2da000 	C:\Program Files\JetBrains\IntelliJ IDEA Community Edition 2024.2.1\bin\breakgen64.dll
0x00007ff989370000 - 0x00007ff989379000 	C:\Users\Dinely\.jdks\openjdk-22.0.2\bin\extnet.dll
0x00007ff97b2a0000 - 0x00007ff97b2ab000 	C:\Users\Dinely\.jdks\openjdk-22.0.2\bin\le.dll
0x00007ff97b2b0000 - 0x00007ff97b2be000 	C:\Users\Dinely\.jdks\openjdk-22.0.2\bin\sunmscapi.dll
0x00007ff991520000 - 0x00007ff99167c000 	C:\Windows\System32\CRYPT32.dll
0x00007ff990830000 - 0x00007ff990857000 	C:\Windows\SYSTEM32\ncrypt.dll
0x00007ff9907f0000 - 0x00007ff99082b000 	C:\Windows\SYSTEM32\NTASN1.dll

dbghelp: loaded successfully - version: 4.0.5 - missing functions: none
symbol engine: initialized successfully - sym options: 0x614 - pdb path: .;C:\Users\Dinely\.jdks\openjdk-22.0.2\bin;C:\Windows\SYSTEM32;C:\Windows\WinSxS\amd64_microsoft.windows.common-controls_6595b64144ccf1df_6.0.19041.4355_none_60b8b9eb71f62e16;C:\Users\Dinely\.jdks\openjdk-22.0.2\bin\server;C:\Program Files\JetBrains\IntelliJ IDEA Community Edition 2024.2.1\bin

VM Arguments:
jvm_args: -javaagent:C:\Program Files\JetBrains\IntelliJ IDEA Community Edition 2024.2.1\lib\idea_rt.jar=55889:C:\Program Files\JetBrains\IntelliJ IDEA Community Edition 2024.2.1\bin -Dfile.encoding=UTF-8 -Dsun.stdout.encoding=UTF-8 -Dsun.stderr.encoding=UTF-8 
java_command: com.example.spring_boot_jwt.SpringBootJwtApplication
java_class_path (initial): D:\Spring Boot Practice\spring-boot-jwt\target\classes;C:\Users\Dinely\.m2\repository\org\springframework\boot\spring-boot-starter-web\3.4.0\spring-boot-starter-web-3.4.0.jar;C:\Users\Dinely\.m2\repository\org\springframework\boot\spring-boot-starter\3.4.0\spring-boot-starter-3.4.0.jar;C:\Users\Dinely\.m2\repository\org\springframework\boot\spring-boot\3.4.0\spring-boot-3.4.0.jar;C:\Users\Dinely\.m2\repository\org\springframework\boot\spring-boot-autoconfigure\3.4.0\spring-boot-autoconfigure-3.4.0.jar;C:\Users\Dinely\.m2\repository\org\springframework\boot\spring-boot-starter-logging\3.4.0\spring-boot-starter-logging-3.4.0.jar;C:\Users\Dinely\.m2\repository\ch\qos\logback\logback-classic\1.5.12\logback-classic-1.5.12.jar;C:\Users\Dinely\.m2\repository\ch\qos\logback\logback-core\1.5.12\logback-core-1.5.12.jar;C:\Users\Dinely\.m2\repository\org\apache\logging\log4j\log4j-to-slf4j\2.24.1\log4j-to-slf4j-2.24.1.jar;C:\Users\Dinely\.m2\repository\org\apache\logging\log4j\log4j-api\2.24.1\log4j-api-2.24.1.jar;C:\Users\Dinely\.m2\repository\org\slf4j\jul-to-slf4j\2.0.16\jul-to-slf4j-2.0.16.jar;C:\Users\Dinely\.m2\repository\jakarta\annotation\jakarta.annotation-api\2.1.1\jakarta.annotation-api-2.1.1.jar;C:\Users\Dinely\.m2\repository\org\yaml\snakeyaml\2.3\snakeyaml-2.3.jar;C:\Users\Dinely\.m2\repository\org\springframework\boot\spring-boot-starter-json\3.4.0\spring-boot-starter-json-3.4.0.jar;C:\Users\Dinely\.m2\repository\com\fasterxml\jackson\datatype\jackson-datatype-jdk8\2.18.1\jackson-datatype-jdk8-2.18.1.jar;C:\Users\Dinely\.m2\repository\com\fasterxml\jackson\datatype\jackson-datatype-jsr310\2.18.1\jackson-datatype-jsr310-2.18.1.jar;C:\Users\Dinely\.m2\repository\com\fasterxml\jackson\module\jackson-module-parameter-names\2.18.1\jackson-module-parameter-names-2.18.1.jar;C:\Users\Dinely\.m2\repository\org\springframework\boot\spring-boot-starter-tomcat\3.4.0\spring-boot-starter-tomcat-3.4.0.jar;C:\Users\Dinely\.m2\repository\org\apache\tomcat\embed\tomcat-embed-core\10.1.33\tomcat-embed-core-10.1.33.jar;C:\Users\Dinely\.m2\repository\org\apache\tomcat\embed\tomcat-embed-el\10.1.33\tomcat-embed-el-10.1.33.jar;C:\Users\Dinely\.m2\repository\org\apache\tomcat\embed\tomcat-embed-websocket\10.1.33\tomcat-embed-websocket-10.1.33.jar;C:\Users\Dinely\.m2\repository\org\springframework\spring-web\6.2.0\spring-web-6.2.0.jar;C:\Users\Dinely\.m2\repository\org\springframework\spring-beans\6.2.0\spring-beans-6.2.0.jar;C:\Users\Dinely\.m2\repository\io\micrometer\micrometer-observation\1.14.1\micrometer-observation-1.14.1.jar;C:\Users\Dinely\.m2\repository\io\micrometer\micrometer-commons\1.14.1\micrometer-commons-1.14.1.jar;C:\Users\Dinely\.m2\repository\org\springframework\spring-webmvc\6.2.0\spring-webmvc-6.2.0.jar;C:\Users\Dinely\.m2\repository\org\springframework\spring-context\6.2.0\spring-context-6.2.0.jar;C:\Users\Dinely\.m2\repository\org\springframework\spring-expression\6.2.0\spring-expression-6.2.0.jar;C:\Users\Dinely\.m2\repository\org\slf4j\slf4j-api\2.0.16\slf4j-api-2.0.16.jar;C:\Users\Dinely\.m2\repository\jakarta\xml\bind\jakarta.xml.bind-api\4.0.2\jakarta.xml.bind-api-4.0.2.jar;C:\Users\Dinely\.m2\repository\jakarta\activation\jakarta.activation-api\2.1.3\jakarta.activation-api-2.1.3.jar;C:\Users\Dinely\.m2\repository\net\bytebuddy\byte-buddy\1.15.10\byte-buddy-1.15.10.jar;C:\Users\Dinely\.m2\repository\org\springframework\spring-core\6.2.0\spring-core-6.2.0.jar;C:\Users\Dinely\.m2\repository\org\springframework\spring-jcl\6.2.0\spring-jcl-6.2.0.jar;C:\Users\Dinely\.m2\repository\org\springframework\boot\spring-boot-starter-data-jpa\3.4.0\spring-boot-starter-data-jpa-3.4.0.jar;C:\Users\Dinely\.m2\repository\org\springframework\boot\spring-boot-starter-jdbc\3.4.0\spring-boot-starter-jdbc-3.4.0.jar;C:\Users\Dinely\.m2\repository\com\zaxxer\HikariCP\5.1.0\HikariCP-5.1.0.jar;C:\Users\Dinely\.m2\repository\org\springframework\spring-jdbc\6.2.0\spring-jdbc-6.2.0.jar;C:\Users\Dinely\.m2\repository\org\hibernate\orm\hibernate-core\6.6.2.Final\hibernate-core-6.6.2.Final.jar;C:\Users\Dinely\.m2\repository\jakarta\persistence\jakarta.persistence-api\3.1.0\jakarta.persistence-api-3.1.0.jar;C:\Users\Dinely\.m2\repository\jakarta\transaction\jakarta.transaction-api\2.0.1\jakarta.transaction-api-2.0.1.jar;C:\Users\Dinely\.m2\repository\org\jboss\logging\jboss-logging\3.6.1.Final\jboss-logging-3.6.1.Final.jar;C:\Users\Dinely\.m2\repository\org\hibernate\common\hibernate-commons-annotations\7.0.3.Final\hibernate-commons-annotations-7.0.3.Final.jar;C:\Users\Dinely\.m2\repository\io\smallrye\jandex\3.2.0\jandex-3.2.0.jar;C:\Users\Dinely\.m2\repository\com\fasterxml\classmate\1.7.0\classmate-1.7.0.jar;C:\Users\Dinely\.m2\repository\org\glassfish\jaxb\jaxb-runtime\4.0.5\jaxb-runtime-4.0.5.jar;C:\Users\Dinely\.m2\repository\org\glassfish\jaxb\jaxb-core\4.0.5\jaxb-core-4.0.5.jar;C:\Users\Dinely\.m2\repository\org\eclipse\angus\angus-activation\2.0.2\angus-activation-2.0.2.jar;C:\Users\Dinely\.m2\repository\org\glassfish\jaxb\txw2\4.0.5\txw2-4.0.5.jar;C:\Users\Dinely\.m2\repository\com\sun\istack\istack-commons-runtime\4.1.2\istack-commons-runtime-4.1.2.jar;C:\Users\Dinely\.m2\repository\jakarta\inject\jakarta.inject-api\2.0.1\jakarta.inject-api-2.0.1.jar;C:\Users\Dinely\.m2\repository\org\antlr\antlr4-runtime\4.13.0\antlr4-runtime-4.13.0.jar;C:\Users\Dinely\.m2\repository\org\springframework\data\spring-data-jpa\3.4.0\spring-data-jpa-3.4.0.jar;C:\Users\Dinely\.m2\repository\org\springframework\data\spring-data-commons\3.4.0\spring-data-commons-3.4.0.jar;C:\Users\Dinely\.m2\repository\org\springframework\spring-orm\6.2.0\spring-orm-6.2.0.jar;C:\Users\Dinely\.m2\repository\org\springframework\spring-tx\6.2.0\spring-tx-6.2.0.jar;C:\Users\Dinely\.m2\repository\org\springframework\spring-aspects\6.2.0\spring-aspects-6.2.0.jar;C:\Users\Dinely\.m2\repository\org\aspectj\aspectjweaver\1.9.22.1\aspectjweaver-1.9.22.1.jar;C:\Users\Dinely\.m2\repository\com\mysql\mysql-connector-j\8.0.33\mysql-connector-j-8.0.33.jar;C:\Users\Dinely\.m2\repository\org\springdoc\springdoc-openapi-starter-webmvc-ui\2.7.0\springdoc-openapi-starter-webmvc-ui-2.7.0.jar;C:\Users\Dinely\.m2\repository\org\springdoc\springdoc-openapi-starter-webmvc-api\2.7.0\springdoc-openapi-starter-webmvc-api-2.7.0.jar;C:\Users\Dinely\.m2\repository\org\springdoc\springdoc-openapi-starter-common\2.7.0\springdoc-openapi-starter-common-2.7.0.jar;C:\Users\Dinely\.m2\repository\io\swagger\core\v3\swagger-core-jakarta\2.2.25\swagger-core-jakarta-2.2.25.jar;C:\Users\Dinely\.m2\repository\org\apache\commons\commons-lang3\3.17.0\commons-lang3-3.17.0.jar;C:\Users\Dinely\.m2\repository\io\swagger\core\v3\swagger-annotations-jakarta\2.2.25\swagger-annotations-jakarta-2.2.25.jar;C:\Users\Dinely\.m2\repository\io\swagger\core\v3\swagger-models-jakarta\2.2.25\swagger-models-jakarta-2.2.25.jar;C:\Users\Dinely\.m2\repository\jakarta\validation\jakarta.validation-api\3.0.2\jakarta.validation-api-3.0.2.jar;C:\Users\Dinely\.m2\repository\com\fasterxml\jackson\dataformat\jackson-dataformat-yaml\2.18.1\jackson-dataformat-yaml-2.18.1.jar;C:\Users\Dinely\.m2\repository\org\webjars\swagger-ui\5.18.2\swagger-ui-5.18.2.jar;C:\Users\Dinely\.m2\repository\org\webjars\webjars-locator-lite\1.0.1\webjars-locator-lite-1.0.1.jar;C:\Users\Dinely\.m2\repository\org\jspecify\jspecify\1.0.0\jspecify-1.0.0.jar;C:\Users\Dinely\.m2\repository\org\springframework\boot\spring-boot-starter-security\3.4.0\spring-boot-starter-security-3.4.0.jar;C:\Users\Dinely\.m2\repository\org\springframework\spring-aop\6.2.0\spring-aop-6.2.0.jar;C:\Users\Dinely\.m2\repository\org\springframework\security\spring-security-config\6.4.1\spring-security-config-6.4.1.jar;C:\Users\Dinely\.m2\repository\org\springframework\security\spring-security-core\6.4.1\spring-security-core-6.4.1.jar;C:\Users\Dinely\.m2\repository\org\springframework\security\spring-security-crypto\6.4.1\spring-security-crypto-6.4.1.jar;C:\Users\Dinely\.m2\repository\org\springframework\security\spring-security-web\6.4.1\spring-security-web-6.4.1.jar;C:\Users\Dinely\.m2\repository\io\jsonwebtoken\jjwt-api\0.12.6\jjwt-api-0.12.6.jar;C:\Users\Dinely\.m2\repository\io\jsonwebtoken\jjwt-impl\0.12.6\jjwt-impl-0.12.6.jar;C:\Users\Dinely\.m2\repository\io\jsonwebtoken\jjwt-jackson\0.12.6\jjwt-jackson-0.12.6.jar;C:\Users\Dinely\.m2\repository\com\fasterxml\jackson\core\jackson-databind\2.18.1\jackson-databind-2.18.1.jar;C:\Users\Dinely\.m2\repository\com\fasterxml\jackson\core\jackson-annotations\2.18.1\jackson-annotations-2.18.1.jar;C:\Users\Dinely\.m2\repository\com\fasterxml\jackson\core\jackson-core\2.18.1\jackson-core-2.18.1.jar
Launcher Type: SUN_STANDARD

[Global flags]
     intx CICompilerCount                          = 4                                         {product} {ergonomic}
     uint ConcGCThreads                            = 2                                         {product} {ergonomic}
     uint G1ConcRefinementThreads                  = 8                                         {product} {ergonomic}
   size_t G1HeapRegionSize                         = 2097152                                   {product} {ergonomic}
   size_t InitialHeapSize                          = 266338304                                 {product} {ergonomic}
   size_t MarkStackSize                            = 4194304                                   {product} {ergonomic}
   size_t MaxHeapSize                              = 4238344192                                {product} {ergonomic}
   size_t MaxNewSize                               = 2541748224                                {product} {ergonomic}
   size_t MinHeapDeltaBytes                        = 2097152                                   {product} {ergonomic}
   size_t MinHeapSize                              = 8388608                                   {product} {ergonomic}
    uintx NonNMethodCodeHeapSize                   = 5839372                                {pd product} {ergonomic}
    uintx NonProfiledCodeHeapSize                  = 122909434                              {pd product} {ergonomic}
    uintx ProfiledCodeHeapSize                     = 122909434                              {pd product} {ergonomic}
    uintx ReservedCodeCacheSize                    = 251658240                              {pd product} {ergonomic}
     bool SegmentedCodeCache                       = true                                      {product} {ergonomic}
   size_t SoftMaxHeapSize                          = 4238344192                             {manageable} {ergonomic}
     bool UseCompressedOops                        = true                           {product lp64_product} {ergonomic}
     bool UseG1GC                                  = true                                      {product} {ergonomic}
     bool UseLargePagesIndividualAllocation        = false                                  {pd product} {ergonomic}

Logging:
Log output configuration:
 #0: stdout all=warning uptime,level,tags foldmultilines=false
 #1: stderr all=off uptime,level,tags foldmultilines=false

Environment Variables:
PATH=C:\Program Files\Common Files\Oracle\Java\javapath;C:\Windows\system32;C:\Windows;C:\Windows\System32\Wbem;C:\Windows\System32\WindowsPowerShell\v1.0\;C:\Windows\System32\OpenSSH\;C:\Program Files\nodejs\;C:\Program Files\Git\cmd;C:\Program Files\MySQL\MySQL Shell 8.0\bin\;C:\Users\Dinely\AppData\Local\Microsoft\WindowsApps;;C:\Program Files\JetBrains\IntelliJ IDEA 2024.2.1\bin;;C:\Users\Dinely\AppData\Local\Programs\Microsoft VS Code\bin;C:\Users\Dinely\AppData\Roaming\npm;C:\Program Files\JetBrains\IntelliJ IDEA Community Edition 2024.2.1\bin;
USERNAME=Dinely
OS=Windows_NT
PROCESSOR_IDENTIFIER=Intel64 Family 6 Model 140 Stepping 1, GenuineIntel
TMP=C:\Users\Dinely\AppData\Local\Temp
TEMP=C:\Users\Dinely\AppData\Local\Temp




Periodic native trim disabled

---------------  S Y S T E M  ---------------

OS:
 Windows 10 , 64 bit Build 19041 (10.0.19041.5072)
OS uptime: 25 days 21:19 hours
Hyper-V role detected

CPU: total 8 (initial active 8) (4 cores per cpu, 2 threads per core) family 6 model 140 stepping 1 microcode 0xa6, cx8, cmov, fxsr, ht, mmx, 3dnowpref, sse, sse2, sse3, ssse3, sse4.1, sse4.2, popcnt, lzcnt, tsc, tscinvbit, avx, avx2, aes, erms, clmul, bmi1, bmi2, adx, avx512f, avx512dq, avx512cd, avx512bw, avx512vl, sha, fma, vzeroupper, avx512_vpopcntdq, avx512_vpclmulqdq, avx512_vaes, avx512_vnni, clflush, clflushopt, clwb, avx512_vbmi2, avx512_vbmi, hv, rdtscp, rdpid, fsrm, gfni, avx512_bitalg, f16c, cet_ibt, cet_ss, avx512_ifma
Processor Information for all 8 processors :
  Max Mhz: 2803, Current Mhz: 2803, Mhz Limit: 2803

Memory: 4k page, system-wide physical 16167M (1312M free)
TotalPageFile size 51930M (AvailPageFile size 4M)
current process WorkingSet (physical memory assigned to process): 148M, peak: 149M
current process commit charge ("private bytes"): 404M, peak: 404M

vm_info: OpenJDK 64-Bit Server VM (22.0.2+9-70) for windows-amd64 JRE (22.0.2+9-70), built on 2024-06-04T16:52:23Z by "mach5one" with MS VC++ 17.6 (VS2022)

END.
